WARNING 2025-12-14 14:52:26,322 views 16552 28612 Failed login attempt due to invalid form data (reCAPTCHA/credentials).
WARNING 2025-12-14 14:52:46,511 views 16552 28612 Failed login attempt due to invalid form data (reCAPTCHA/credentials).
INFO 2025-12-14 15:22:56,108 views 4688 28012 User login successful: Gopi
WARNING 2025-12-14 15:23:09,324 views 4688 28012 Rate limit exceeded for user: Gopi on view: dashboard_view
WARNING 2025-12-14 15:23:52,319 views 4688 28012 Failed login attempt due to invalid credentials.
WARNING 2025-12-14 15:24:12,474 views 4688 28012 Failed login attempt due to invalid credentials.
WARNING 2025-12-14 15:29:39,633 views 15592 9780 Failed login attempt for user: ifjhdwuef.
WARNING 2025-12-14 15:29:46,022 views 15592 9780 Failed login attempt for user: qefcaevfcqavf.
WARNING 2025-12-14 15:29:51,918 views 15592 9780 Failed login attempt for user: a d va.
WARNING 2025-12-14 15:30:04,924 views 15592 9780 Failed login attempt for user: scaMcv;ao a v.
WARNING 2025-12-14 15:30:10,788 views 15592 9780 Failed login attempt for user: dvd zsfbf srfbn.
WARNING 2025-12-14 15:30:17,835 views 15592 9780 Failed login attempt for user: AVavavbawg.
WARNING 2025-12-14 15:33:54,134 views 18496 17920 Failed login attempt for user: dbhdv.
WARNING 2025-12-14 15:34:03,225 views 18496 17920 Failed login attempt for user: vsgsvszvg.
WARNING 2025-12-14 15:34:11,030 views 18496 17920 Failed login attempt for user: cafcae.
WARNING 2025-12-14 15:34:15,388 views 18496 17920 Failed login attempt for user: bdbd.
WARNING 2025-12-14 15:34:19,423 views 18496 17920 Failed login attempt for user: aqaefa.
WARNING 2025-12-14 15:34:24,626 views 18496 17920 Failed login attempt for user: gvsrgfswvf.
WARNING 2025-12-14 15:34:29,661 views 18496 17920 Failed login attempt for user: wefwetf.
WARNING 2025-12-14 15:37:36,118 views 6224 24800 Failed login attempt for user: Gopi.
WARNING 2025-12-14 15:37:40,921 views 6224 24800 Failed login attempt for user: qdwq.
WARNING 2025-12-14 15:37:46,369 views 6224 24800 Failed login attempt for user: qwdqwd.
WARNING 2025-12-14 15:37:52,138 views 6224 24800 Failed login attempt for user: qdqdq.
WARNING 2025-12-14 15:37:56,460 views 6224 24800 Failed login attempt for user: qefdqadf.
INFO 2025-12-14 15:41:36,832 views 29684 19948 User login successful: Gopi
WARNING 2025-12-14 15:41:39,770 views 29684 19948 Rate limit exceeded for user: Gopi on view: dashboard_view
WARNING 2025-12-14 15:46:30,367 views 29684 19948 Failed login attempt for user: Gopi.
WARNING 2025-12-14 15:46:36,951 views 29684 19948 Failed login attempt for user: qdq.
WARNING 2025-12-14 15:46:42,275 views 29684 19948 Failed login attempt for user: dqed.
WARNING 2025-12-14 15:46:49,086 views 29684 19948 Failed login attempt for user: eewdwdder.
WARNING 2025-12-14 15:46:53,908 views 29684 19948 Failed login attempt for user: fwfqf.
WARNING 2025-12-14 15:47:04,744 views 29684 19948 Failed login attempt for user: dqa.
WARNING 2025-12-14 15:47:09,232 views 29684 19948 Failed login attempt for user: eqaf.
WARNING 2025-12-14 15:47:16,012 views 29684 19948 Failed login attempt for user: wfqawfwqgf.
WARNING 2025-12-14 15:47:21,337 views 29684 19948 Failed login attempt for user: wfwfwaf.
WARNING 2025-12-14 15:53:06,411 views 3288 26232 Failed login attempt for user: qqdd.
WARNING 2025-12-14 15:53:13,242 views 3288 26232 Failed login attempt for user: edqdaef.
WARNING 2025-12-14 15:53:17,214 views 3288 26232 Failed login attempt for user: dgdb.
WARNING 2025-12-14 15:53:21,942 views 3288 26232 Failed login attempt for user: sdvswg.
WARNING 2025-12-14 15:53:26,669 views 3288 26232 Failed login attempt for user: vwgwg.
WARNING 2025-12-14 15:53:31,364 views 3288 26232 Failed login attempt for user: wgresgr.
WARNING 2025-12-14 15:53:37,020 views 3288 26232 Failed login attempt for user: fdqewfqr.
WARNING 2025-12-14 15:53:40,638 views 3288 26232 Failed login attempt for user: qwdqwrfq.
WARNING 2025-12-14 15:53:44,125 views 3288 26232 Failed login attempt for user: efeqawfrq.
WARNING 2025-12-14 15:53:47,283 views 3288 26232 Failed login attempt for user: weffwf.
WARNING 2025-12-14 15:56:22,018 views 24764 1840 Failed login attempt for user: qq.
WARNING 2025-12-14 15:56:25,149 views 24764 1840 Failed login attempt for user: fwer.
WARNING 2025-12-14 15:56:30,303 views 24764 1840 Failed login attempt for user: wfw.
WARNING 2025-12-14 15:56:33,788 views 24764 1840 Failed login attempt for user: wfw.
WARNING 2025-12-14 15:56:37,151 views 24764 1840 Failed login attempt for user: wefwa.
WARNING 2025-12-14 15:56:40,626 views 24764 1840 Failed login attempt for user: wfwf.
WARNING 2025-12-14 15:56:44,612 views 24764 1840 Failed login attempt for user: wfwaf.
WARNING 2025-12-14 15:56:47,727 views 24764 1840 Failed login attempt for user: wfqf.
WARNING 2025-12-14 15:56:51,128 views 24764 1840 Failed login attempt for user: ewfq.
WARNING 2025-12-14 15:58:07,492 views 7508 25920 Failed login attempt for user: ewefaq.
WARNING 2025-12-14 15:58:10,894 views 7508 25920 Failed login attempt for user: wfeaw.
WARNING 2025-12-14 15:58:16,620 views 7508 25920 Failed login attempt for user: ewfeqaf.
WARNING 2025-12-14 15:58:21,119 views 7508 25920 Failed login attempt for user: efqa.
WARNING 2025-12-14 15:58:25,854 views 7508 25920 Failed login attempt for user: qfqaewfq.
WARNING 2025-12-14 15:58:29,684 views 7508 25920 Failed login attempt for user: qeefqa.
WARNING 2025-12-14 15:58:33,045 views 7508 25920 Failed login attempt for user: qfa.
WARNING 2025-12-14 16:03:18,917 views 24920 10616 Failed login attempt for user: wfqweaetq.
WARNING 2025-12-14 16:03:23,955 views 24920 10616 Failed login attempt for user: efwqfe.
WARNING 2025-12-14 16:03:26,562 views 24920 10616 Failed login attempt for user: wgfwa.
WARNING 2025-12-14 16:03:29,721 views 24920 10616 Failed login attempt for user: weg.
WARNING 2025-12-14 16:03:34,269 views 24920 10616 Failed login attempt for user: fqa.
WARNING 2025-12-14 16:03:48,874 views 24920 10616 Failed login attempt for user: dq.
WARNING 2025-12-14 16:03:50,616 views 24920 10616 Failed login attempt for user: wfrq.
WARNING 2025-12-14 16:04:06,015 views 24920 10616 Failed login attempt for user: wfrq.
WARNING 2025-12-14 16:04:15,260 views 24920 10616 Failed login attempt for user: dq.
WARNING 2025-12-14 16:04:18,425 views 24920 10616 Failed login attempt for user: dq.
WARNING 2025-12-14 16:04:23,559 views 24920 10616 Failed login attempt for user: qwdwq.
WARNING 2025-12-14 16:04:26,742 views 24920 10616 Failed login attempt for user: qwdwq.
WARNING 2025-12-14 16:04:29,815 views 24920 10616 Failed login attempt for user: qdw.
WARNING 2025-12-14 16:04:36,726 views 24920 10616 Failed login attempt for user: q.
WARNING 2025-12-14 16:04:40,016 views 24920 10616 Failed login attempt for user: q.
WARNING 2025-12-14 16:04:47,390 views 24920 10616 Failed login attempt for user: qw.
WARNING 2025-12-14 16:04:51,649 views 24920 10616 Failed login attempt for user: qw.
WARNING 2025-12-14 16:05:00,946 views 24920 10616 Failed login attempt for user: qw.
WARNING 2025-12-14 16:05:10,695 views 24920 10616 Failed login attempt for user: qawd.
WARNING 2025-12-14 16:05:14,157 views 24920 10616 Failed login attempt for user: qawd.
WARNING 2025-12-14 16:05:19,256 views 24920 10616 Failed login attempt for user: wqa.
WARNING 2025-12-14 16:05:22,820 views 24920 10616 Failed login attempt for user: wqa.
WARNING 2025-12-14 16:05:27,474 views 24920 10616 Failed login attempt for user: wa.
WARNING 2025-12-14 16:05:30,373 views 24920 10616 Failed login attempt for user: wa.
WARNING 2025-12-14 16:05:36,616 views 24920 10616 Failed login attempt for user: WD.
WARNING 2025-12-14 16:05:39,854 views 24920 10616 Failed login attempt for user: WD.
WARNING 2025-12-14 16:08:20,523 views 24800 12520 Failed login attempt for user: qwdqwrfq.
WARNING 2025-12-14 16:08:24,023 views 24800 12520 Failed login attempt for user: qwdqwrfq.
WARNING 2025-12-14 16:08:28,492 views 24800 12520 Failed login attempt for user: qwwd.
WARNING 2025-12-14 16:08:31,799 views 24800 12520 Failed login attempt for user: qwwd.
WARNING 2025-12-14 16:08:39,421 views 24800 12520 Failed login attempt for user: qwwd.
WARNING 2025-12-14 16:08:46,638 views 24800 12520 Failed login attempt for user: qwwd.
WARNING 2025-12-14 16:08:53,712 views 24800 12520 Failed login attempt for user: qwwd.
WARNING 2025-12-14 16:13:36,977 views 24800 12520 Access denied for user qwwd: Locked out for 300 seconds.
WARNING 2025-12-14 16:14:17,571 views 24800 12520 Failed login attempt for user: qwwd.
WARNING 2025-12-14 16:14:23,670 views 24800 12520 Failed login attempt for user: qwwd.
WARNING 2025-12-14 16:14:28,510 views 24800 12520 Failed login attempt for user: qwwd.
WARNING 2025-12-14 16:14:49,260 views 24800 12520 Failed login attempt for user: qwwd.
WARNING 2025-12-14 16:14:51,979 views 24800 12520 Failed login attempt for user: qwwd.
WARNING 2025-12-14 16:14:56,099 views 24800 12520 Access denied for user qwwd: Locked out for 300 seconds.
WARNING 2025-12-14 16:15:46,487 views 24800 12520 Access denied for user qwwd: Locked out for 300 seconds.
WARNING 2025-12-14 16:16:25,038 views 24800 12520 Access denied for user qwwd: Locked out for 300 seconds.
WARNING 2025-12-14 16:16:27,782 views 24800 12520 Access denied for user qwwd: Locked out for 300 seconds.
WARNING 2025-12-14 16:17:42,412 views 24800 12520 Access denied for user qwwd: Locked out for 300 seconds.
WARNING 2025-12-14 16:17:46,126 views 24800 12520 Access denied for user qwwd: Locked out for 300 seconds.
WARNING 2025-12-14 16:17:50,364 views 24800 12520 Access denied for user qwwd: Locked out for 300 seconds.
WARNING 2025-12-14 16:18:33,552 views 24800 12520 Access denied for user qwwd: Locked out for 300 seconds.
WARNING 2025-12-14 16:18:37,373 views 24800 12520 Access denied for user qwwd: Locked out for 300 seconds.
WARNING 2025-12-14 16:18:39,569 views 24800 12520 Access denied for user qwwd: Locked out for 300 seconds.
WARNING 2025-12-14 16:19:36,018 views 24800 12520 Access denied for user qwwd: Locked out for 300 seconds.
WARNING 2025-12-14 16:19:39,911 views 24800 12520 Access denied for user qwwd: Locked out for 300 seconds.
WARNING 2025-12-14 16:19:51,096 views 24800 12520 Access denied for user qwwd: Locked out for 300 seconds.
WARNING 2025-12-14 16:22:04,027 views 13308 8564 Failed login attempt for user: qwd.
WARNING 2025-12-14 16:22:07,275 views 13308 8564 Failed login attempt for user: qwd.
WARNING 2025-12-14 16:22:13,405 views 13308 8564 Failed login attempt for user: wd.
WARNING 2025-12-14 16:22:16,433 views 13308 8564 Failed login attempt for user: wd.
WARNING 2025-12-14 16:22:20,787 views 13308 8564 Failed login attempt for user: wq.
WARNING 2025-12-14 16:22:23,863 views 13308 8564 Failed login attempt for user: wq.
WARNING 2025-12-14 16:22:31,514 views 13308 8564 Failed login attempt for user: wq.
WARNING 2025-12-14 16:22:35,825 views 13308 8564 Failed login attempt for user: qwd.
WARNING 2025-12-14 16:22:38,899 views 13308 8564 Failed login attempt for user: qwd.
WARNING 2025-12-14 16:22:43,638 views 13308 8564 Failed login attempt for user: qwd.
WARNING 2025-12-14 16:27:54,876 views 13308 15408 Failed login attempt for user: qwd.
INFO 2025-12-14 16:28:09,332 views 13308 15408 User login successful: Gopi
WARNING 2025-12-15 10:18:05,487 views 23360 9228 Failed login attempt for user: mn.
INFO 2025-12-15 11:05:03,810 views 23360 16688 User login successful: Gopi
INFO 2025-12-15 11:47:24,511 views SUCCESS: User Gopi logged in successfully. Previous attempts cleared.
INFO 2025-12-15 11:52:46,477 views SUCCESS: User Gopi logged in successfully. Attempts cleared.
ERROR 2025-12-15 11:57:14,442 views LOCKOUT: User wwt2wt2t4wtf locked out for 300s after 5 failed attempts.
